<?xml version="1.0" encoding="UTF-8"?>
<!-- Generated by org.testng.reporters.JUnitReportReporter -->
<testsuite hostname="Hemas-MacBook-Pro.local" failures="0" tests="1" name="test.SecondPageTest" time="10.613" errors="0" timestamp="06 Aug 2019 02:10:56 GMT" skipped="0">
  <testcase classname="test.SecondPageTest" name="f" time="10.613"/>
</testsuite> <!-- test.SecondPageTest -->
