<?xml version="1.0" encoding="UTF-8"?>
<!-- Generated by org.testng.reporters.JUnitReportReporter -->
<testsuite hostname="Hemas-MacBook-Pro.local" failures="0" tests="1" name="test.FirstPageTest" time="3.123" errors="0" timestamp="06 Aug 2019 02:10:21 GMT" skipped="0">
  <testcase classname="test.FirstPageTest" name="googleSearchTest" time="3.123"/>
</testsuite> <!-- test.FirstPageTest -->
