<?xml version="1.0" encoding="UTF-8"?>
<!-- Generated by org.testng.reporters.JUnitReportReporter -->
<testsuite hostname="Hemas-MacBook-Pro.local" failures="0" tests="1" name="test.SecondPageTest" time="9.884" errors="0" timestamp="04 Aug 2019 02:49:36 GMT" skipped="0">
  <testcase classname="test.SecondPageTest" name="f" time="9.884"/>
</testsuite> <!-- test.SecondPageTest -->
