<?xml version="1.0" encoding="UTF-8"?>
<!-- Generated by org.testng.reporters.JUnitReportReporter -->
<testsuite hostname="Hemas-MacBook-Pro.local" failures="0" tests="1" name="test.FirstPageTest" time="3.798" errors="0" timestamp="22 Apr 2020 02:24:36 GMT" skipped="0">
  <testcase classname="test.FirstPageTest" name="googleSearchTest" time="3.798"/>
</testsuite> <!-- test.FirstPageTest -->
