<?xml version="1.0" encoding="UTF-8"?>
<!-- Generated by org.testng.reporters.JUnitReportReporter -->
<testsuite hostname="Hemas-MacBook-Pro.local" failures="0" tests="1" name="test.FirstPageTest" time="6.395" errors="0" timestamp="03 Aug 2019 06:02:01 GMT" skipped="0">
  <testcase classname="test.FirstPageTest" name="googleSearchTest" time="6.395"/>
</testsuite> <!-- test.FirstPageTest -->
